Using pre-set license
Built from '2021.3/release' branch; Version is '2021.3.17f1 (3e8111cac19d) revision 4096273'; Using compiler version '192829333'; Build Type 'Release'
OS: 'Windows 10  (10.0.19045) 64bit Education' Language: 'en' Physical Memory: 16243 MB
BatchMode: 1, IsHumanControllingUs: 0, StartBugReporterOnCrash: 0, Is64bit: 1, IsPro: 1

COMMAND LINE ARGUMENTS:
C:\Program Files\Unity\Hub\Editor\2021.3.17f1\Editor\Unity.exe
-adb2
-batchMode
-noUpm
-name
AssetImportWorker0
-projectPath
C:/Users/a.luciapao/Documents/Git/Rowell/RowellPrototypes2022
-logFile
Logs/AssetImportWorker0.log
-srvPort
49244
Successfully changed project path to: C:/Users/a.luciapao/Documents/Git/Rowell/RowellPrototypes2022
C:/Users/a.luciapao/Documents/Git/Rowell/RowellPrototypes2022
[UnityMemory] Configuration Parameters - Can be set up in boot.config
    "memorysetup-bucket-allocator-granularity=16"
    "memorysetup-bucket-allocator-bucket-count=8"
    "memorysetup-bucket-allocator-block-size=33554432"
    "memorysetup-bucket-allocator-block-count=8"
    "memorysetup-main-allocator-block-size=16777216"
    "memorysetup-thread-allocator-block-size=16777216"
    "memorysetup-gfx-main-allocator-block-size=16777216"
    "memorysetup-gfx-thread-allocator-block-size=16777216"
    "memorysetup-cache-allocator-block-size=4194304"
    "memorysetup-typetree-allocator-block-size=2097152"
    "memorysetup-profiler-bucket-allocator-granularity=16"
    "memorysetup-profiler-bucket-allocator-bucket-count=8"
    "memorysetup-profiler-bucket-allocator-block-size=33554432"
    "memorysetup-profiler-bucket-allocator-block-count=8"
    "memorysetup-profiler-allocator-block-size=16777216"
    "memorysetup-profiler-editor-allocator-block-size=1048576"
    "memorysetup-temp-allocator-size-main=16777216"
    "memorysetup-job-temp-allocator-block-size=2097152"
    "memorysetup-job-temp-allocator-block-size-background=1048576"
    "memorysetup-job-temp-allocator-reduction-small-platforms=262144"
    "memorysetup-temp-allocator-size-background-worker=32768"
    "memorysetup-temp-allocator-size-job-worker=262144"
    "memorysetup-temp-allocator-size-preload-manager=33554432"
    "memorysetup-temp-allocator-size-nav-mesh-worker=65536"
    "memorysetup-temp-allocator-size-audio-worker=65536"
    "memorysetup-temp-allocator-size-cloud-worker=32768"
    "memorysetup-temp-allocator-size-gi-baking-worker=262144"
    "memorysetup-temp-allocator-size-gfx=262144"
Player connection [2044] Host "[IP] 10.171.128.131 [Port] 0 [Flags] 2 [Guid] 354614138 [EditorId] 354614138 [Version] 1048832 [Id] WindowsEditor(7,JOHN-CADL-W008) [Debug] 1 [PackageName] WindowsEditor [ProjectName] Editor" joined multi-casting on [225.0.0.222:54997]...

Player connection [2044] Host "[IP] 10.171.128.131 [Port] 0 [Flags] 2 [Guid] 354614138 [EditorId] 354614138 [Version] 1048832 [Id] WindowsEditor(7,JOHN-CADL-W008) [Debug] 1 [PackageName] WindowsEditor [ProjectName] Editor" joined alternative multi-casting on [225.0.0.222:34997]...

Refreshing native plugins compatible for Editor in 42.87 ms, found 2 plugins.
Preloading 0 native plugins for Editor in 0.00 ms.
Initialize engine version: 2021.3.17f1 (3e8111cac19d)
[Subsystems] Discovering subsystems at path C:/Program Files/Unity/Hub/Editor/2021.3.17f1/Editor/Data/Resources/UnitySubsystems
[Subsystems] Discovering subsystems at path C:/Users/a.luciapao/Documents/Git/Rowell/RowellPrototypes2022/Assets
GfxDevice: creating device client; threaded=0; jobified=0
Direct3D:
    Version:  Direct3D 11.0 [level 11.1]
    Renderer: Intel(R) HD Graphics 530 (ID=0x1912)
    Vendor:   Intel
    VRAM:     8121 MB
    Driver:   30.0.101.1692
Initialize mono
Mono path[0] = 'C:/Program Files/Unity/Hub/Editor/2021.3.17f1/Editor/Data/Managed'
Mono path[1] = 'C:/Program Files/Unity/Hub/Editor/2021.3.17f1/Editor/Data/MonoBleedingEdge/lib/mono/unityjit-win32'
Mono config path = 'C:/Program Files/Unity/Hub/Editor/2021.3.17f1/Editor/Data/MonoBleedingEdge/etc'
Using monoOptions --debugger-agent=transport=dt_socket,embedding=1,server=y,suspend=n,address=127.0.0.1:56732
Begin MonoManager ReloadAssembly
Registering precompiled unity dll's ...
Register platform support module: C:/Program Files/Unity/Hub/Editor/2021.3.17f1/Editor/Data/PlaybackEngines/WebGLSupport/UnityEditor.WebGL.Extensions.dll
Register platform support module: C:/Program Files/Unity/Hub/Editor/2021.3.17f1/Editor/Data/PlaybackEngines/WindowsStandaloneSupport/UnityEditor.WindowsStandalone.Extensions.dll
Registered in 0.009435 seconds.
Native extension for WindowsStandalone target not found
Native extension for WebGL target not found
Refreshing native plugins compatible for Editor in 63.95 ms, found 2 plugins.
Preloading 0 native plugins for Editor in 0.00 ms.
Mono: successfully reloaded assembly
- Completed reload, in  1.114 seconds
Domain Reload Profiling:
	ReloadAssembly (1115ms)
		BeginReloadAssembly (364ms)
			ExecutionOrderSort (0ms)
			DisableScriptedObjects (0ms)
			BackupInstance (0ms)
			ReleaseScriptingObjects (0ms)
			CreateAndSetChildDomain (1ms)
		EndReloadAssembly (534ms)
			LoadAssemblies (222ms)
			RebuildTransferFunctionScriptingTraits (0ms)
			SetupTypeCache (132ms)
			ReleaseScriptCaches (0ms)
			RebuildScriptCaches (33ms)
			SetupLoadedEditorAssemblies (311ms)
				LogAssemblyErrors (0ms)
				InitializePlatformSupportModulesInManaged (12ms)
				SetLoadedEditorAssemblies (0ms)
				RefreshPlugins (64ms)
				BeforeProcessingInitializeOnLoad (2ms)
				ProcessInitializeOnLoadAttributes (176ms)
				ProcessInitializeOnLoadMethodAttributes (57ms)
				AfterProcessingInitializeOnLoad (0ms)
				EditorAssembliesLoaded (0ms)
			ExecutionOrderSort2 (0ms)
			AwakeInstancesAfterBackupRestoration (0ms)
Platform modules already initialized, skipping
Registering precompiled user dll's ...
Registered in 0.005140 seconds.
Begin MonoManager ReloadAssembly
Native extension for WindowsStandalone target not found
Native extension for WebGL target not found
Refreshing native plugins compatible for Editor in 0.56 ms, found 2 plugins.
Preloading 0 native plugins for Editor in 0.00 ms.
Mono: successfully reloaded assembly
- Completed reload, in  1.046 seconds
Domain Reload Profiling:
	ReloadAssembly (1047ms)
		BeginReloadAssembly (140ms)
			ExecutionOrderSort (0ms)
			DisableScriptedObjects (6ms)
			BackupInstance (0ms)
			ReleaseScriptingObjects (0ms)
			CreateAndSetChildDomain (23ms)
		EndReloadAssembly (777ms)
			LoadAssemblies (108ms)
			RebuildTransferFunctionScriptingTraits (0ms)
			SetupTypeCache (210ms)
			ReleaseScriptCaches (0ms)
			RebuildScriptCaches (51ms)
			SetupLoadedEditorAssemblies (379ms)
				LogAssemblyErrors (0ms)
				InitializePlatformSupportModulesInManaged (9ms)
				SetLoadedEditorAssemblies (1ms)
				RefreshPlugins (1ms)
				BeforeProcessingInitializeOnLoad (66ms)
				ProcessInitializeOnLoadAttributes (255ms)
				ProcessInitializeOnLoadMethodAttributes (37ms)
				AfterProcessingInitializeOnLoad (11ms)
				EditorAssembliesLoaded (0ms)
			ExecutionOrderSort2 (0ms)
			AwakeInstancesAfterBackupRestoration (9ms)
Platform modules already initialized, skipping
========================================================================
Worker process is ready to serve import requests
Launched and connected shader compiler UnityShaderCompiler.exe after 0.06 seconds
Refreshing native plugins compatible for Editor in 0.58 ms, found 2 plugins.
Preloading 0 native plugins for Editor in 0.00 ms.
Unloading 1856 Unused Serialized files (Serialized files now loaded: 0)
Unloading 23 unused Assets / (56.5 KB). Loaded Objects now: 2325.
Memory consumption went from 78.7 MB to 78.6 MB.
Total: 3.878900 ms (FindLiveObjects: 0.158000 ms CreateObjectMapping: 0.084600 ms MarkObjects: 3.524200 ms  DeleteObjects: 0.110800 ms)

AssetImportParameters requested are different than current active one (requested -> active):
  custom:video-decoder-ogg-theora: a1e56fd34408186e4bbccfd4996cb3dc -> 
  custom:container-muxer-webm: aa71ff27fc2769a1b78a27578f13a17b -> 
  custom:container-demuxer-webm: 4f35f7cbe854078d1ac9338744f61a02 -> 
  custom:video-encoder-webm-vp8: eb34c28f22e8b96e1ab97ce403110664 -> 
  custom:audio-encoder-webm-vorbis: bf7c407c2cedff20999df2af8eb42d56 -> 
  custom:framework-win-MediaFoundation: 216162199b28c13a410421893ffa2e32 -> 
  custom:container-demuxer-ogg: 62fdf1f143b41e24485cea50d1cbac27 -> 
  custom:video-decoder-webm-vp8: 9c59270c3fd7afecdb556c50c9e8de78 -> 
  custom:audio-decoder-ogg-vorbis: bf7c407c2cedff20999df2af8eb42d56 -> 
========================================================================
Received Import Request.
  Time since last request: 1024360.529040 seconds.
  path: Assets/New Terrain 1.asset
  artifactKey: Guid(80639910b2df8e44696766436069a432) Importer(815301076,1909f56bfc062723c751e8b465ee728b)
Start importing Assets/New Terrain 1.asset using Guid(80639910b2df8e44696766436069a432) Importer(815301076,1909f56bfc062723c751e8b465ee728b)  -> (artifact id: '312ac2ca3109e24fff4cdce1c75889d9') in 0.054618 seconds 
========================================================================
Received Import Request.
  Time since last request: 0.000021 seconds.
  path: Assets/New Terrain 3.asset
  artifactKey: Guid(879b2dc86e6520e48a6eaa5ced535300) Importer(815301076,1909f56bfc062723c751e8b465ee728b)
Start importing Assets/New Terrain 3.asset using Guid(879b2dc86e6520e48a6eaa5ced535300) Importer(815301076,1909f56bfc062723c751e8b465ee728b)  -> (artifact id: 'a44dcd4e65a1d3250d4f7e89818a354b') in 0.069720 seconds 
========================================================================
Received Import Request.
  Time since last request: 0.000034 seconds.
  path: Assets/New Terrain.asset
  artifactKey: Guid(0ca64ca1932eb5643adb8f6b1968d439) Importer(815301076,1909f56bfc062723c751e8b465ee728b)
Start importing Assets/New Terrain.asset using Guid(0ca64ca1932eb5643adb8f6b1968d439) Importer(815301076,1909f56bfc062723c751e8b465ee728b)  -> (artifact id: '956c7d905d5f990d78c322e0221562d2') in 0.022337 seconds 
========================================================================
Received Import Request.
  Time since last request: 0.000015 seconds.
  path: Assets/New Terrain 2.asset
  artifactKey: Guid(3279d08a9c0d350409d91360b249746b) Importer(815301076,1909f56bfc062723c751e8b465ee728b)
Start importing Assets/New Terrain 2.asset using Guid(3279d08a9c0d350409d91360b249746b) Importer(815301076,1909f56bfc062723c751e8b465ee728b)  -> (artifact id: 'cb5c1cffef570175cf340eeb6824e303') in 0.021901 seconds 
========================================================================
Received Import Request.
  Time since last request: 150.764159 seconds.
  path: Assets/1 - Shooter
  artifactKey: Guid(7f7c9119f4f7e45489d21d5b197f8e06) Importer(815301076,1909f56bfc062723c751e8b465ee728b)
Start importing Assets/1 - Shooter using Guid(7f7c9119f4f7e45489d21d5b197f8e06) Importer(815301076,1909f56bfc062723c751e8b465ee728b)  -> (artifact id: 'cf961053b33cc4a3ae0f764ae3a9da62') in 0.007184 seconds 
========================================================================
Received Import Request.
  Time since last request: 8.483969 seconds.
  path: Assets/1 - Shooter/Images
  artifactKey: Guid(34a16f908fce74745ad57a1093d8d963) Importer(815301076,1909f56bfc062723c751e8b465ee728b)
Start importing Assets/1 - Shooter/Images using Guid(34a16f908fce74745ad57a1093d8d963) Importer(815301076,1909f56bfc062723c751e8b465ee728b)  -> (artifact id: '065ec2e9db696d3eda765992addd96d5') in 0.013991 seconds 
========================================================================
Received Import Request.
  Time since last request: 0.077816 seconds.
  path: Assets/1 - Shooter/Images/BottomLeftIndicator.png
  artifactKey: Guid(bd6e4b3236a46a843b54973a9255d1c7) Importer(815301076,1909f56bfc062723c751e8b465ee728b)
Start importing Assets/1 - Shooter/Images/BottomLeftIndicator.png using Guid(bd6e4b3236a46a843b54973a9255d1c7) Importer(815301076,1909f56bfc062723c751e8b465ee728b)  -> (artifact id: 'fc7483158b4d843c1d7e3fb774dd6be2') in 0.161844 seconds 
========================================================================
Received Import Request.
  Time since last request: 0.000026 seconds.
  path: Assets/1 - Shooter/Images/TopRightIndicator.png
  artifactKey: Guid(1efe6c043dcb1d4458040804b45b7b65) Importer(815301076,1909f56bfc062723c751e8b465ee728b)
Start importing Assets/1 - Shooter/Images/TopRightIndicator.png using Guid(1efe6c043dcb1d4458040804b45b7b65) Importer(815301076,1909f56bfc062723c751e8b465ee728b)  -> (artifact id: '17ad75dbf7cb2249a527afe8e1d1f89e') in 0.018380 seconds 
========================================================================
Received Import Request.
  Time since last request: 0.000027 seconds.
  path: Assets/1 - Shooter/Images/TargetReticle.png
  artifactKey: Guid(873407b4e6d992144a23313d5366b3d3) Importer(815301076,1909f56bfc062723c751e8b465ee728b)
Start importing Assets/1 - Shooter/Images/TargetReticle.png using Guid(873407b4e6d992144a23313d5366b3d3) Importer(815301076,1909f56bfc062723c751e8b465ee728b)  -> (artifact id: 'bc881230201fb88749e4c128b4d42faf') in 0.084392 seconds 
========================================================================
Received Import Request.
  Time since last request: 0.000026 seconds.
  path: Assets/1 - Shooter/Images/TopLeftIndicator.png
  artifactKey: Guid(83adc035917a1934d879052f92e94f34) Importer(815301076,1909f56bfc062723c751e8b465ee728b)
Start importing Assets/1 - Shooter/Images/TopLeftIndicator.png using Guid(83adc035917a1934d879052f92e94f34) Importer(815301076,1909f56bfc062723c751e8b465ee728b)  -> (artifact id: 'b796fa7f9ac399f07695126775c89685') in 0.019219 seconds 
========================================================================
Received Import Request.
  Time since last request: 0.000021 seconds.
  path: Assets/1 - Shooter/Images/BottomRightIndicator.png
  artifactKey: Guid(6bee8e32bcb556244ae03517e49e236d) Importer(815301076,1909f56bfc062723c751e8b465ee728b)
Start importing Assets/1 - Shooter/Images/BottomRightIndicator.png using Guid(6bee8e32bcb556244ae03517e49e236d) Importer(815301076,1909f56bfc062723c751e8b465ee728b)  -> (artifact id: '3ca3f82ad23aecef004287cc71a5d473') in 0.018107 seconds 
========================================================================
Received Import Request.
  Time since last request: 1289.122546 seconds.
  path: Assets/5 - Platformer
  artifactKey: Guid(88cba55359b64ac4e88fe8b2e1975edd) Importer(815301076,1909f56bfc062723c751e8b465ee728b)
Start importing Assets/5 - Platformer using Guid(88cba55359b64ac4e88fe8b2e1975edd) Importer(815301076,1909f56bfc062723c751e8b465ee728b)  -> (artifact id: '1c4c9f7508ad8f1869d37857bd6ac83b') in 0.014011 seconds 
========================================================================
Received Import Request.
  Time since last request: 2.091705 seconds.
  path: Assets/5 - Platformer/Animations
  artifactKey: Guid(17dc3b8e69e1f5041bae1423ad44c574) Importer(815301076,1909f56bfc062723c751e8b465ee728b)
Start importing Assets/5 - Platformer/Animations using Guid(17dc3b8e69e1f5041bae1423ad44c574) Importer(815301076,1909f56bfc062723c751e8b465ee728b)  -> (artifact id: 'c07db4064a8837c58f793ea3775cfffe') in 0.011929 seconds 
========================================================================
Received Import Request.
  Time since last request: 14.745070 seconds.
  path: Assets/5 - Platformer/Skyboxes
  artifactKey: Guid(ae69f887db481e843a15eaec1823b83d) Importer(815301076,1909f56bfc062723c751e8b465ee728b)
Start importing Assets/5 - Platformer/Skyboxes using Guid(ae69f887db481e843a15eaec1823b83d) Importer(815301076,1909f56bfc062723c751e8b465ee728b)  -> (artifact id: '040fac9af7e63c66e4a38c3f82b40930') in 0.011229 seconds 
========================================================================
Received Import Request.
  Time since last request: 2.344683 seconds.
  path: Assets/5 - Platformer/Skyboxes/Materials
  artifactKey: Guid(e0454b514da2ecd429e000f40050d4fa) Importer(815301076,1909f56bfc062723c751e8b465ee728b)
Start importing Assets/5 - Platformer/Skyboxes/Materials using Guid(e0454b514da2ecd429e000f40050d4fa) Importer(815301076,1909f56bfc062723c751e8b465ee728b)  -> (artifact id: 'ecc512464021b62538414a254e28f10a') in 0.012458 seconds 
========================================================================
Received Import Request.
  Time since last request: 3.238830 seconds.
  path: Assets/5 - Platformer/Skyboxes/Materials/FS002
  artifactKey: Guid(c862ef60191075042a6f4ac7dd6f19b1) Importer(815301076,1909f56bfc062723c751e8b465ee728b)
Start importing Assets/5 - Platformer/Skyboxes/Materials/FS002 using Guid(c862ef60191075042a6f4ac7dd6f19b1) Importer(815301076,1909f56bfc062723c751e8b465ee728b)  -> (artifact id: 'acd20e9bce818fbffe9ccf1dcc7a78ba') in 0.012670 seconds 
========================================================================
Received Import Request.
  Time since last request: 0.475974 seconds.
  path: Assets/5 - Platformer/Skyboxes/Materials/FS002/FS002_Day.mat
  artifactKey: Guid(9ca22510633fbfd4399f1704cd9d5c72) Importer(815301076,1909f56bfc062723c751e8b465ee728b)
Start importing Assets/5 - Platformer/Skyboxes/Materials/FS002/FS002_Day.mat using Guid(9ca22510633fbfd4399f1704cd9d5c72) Importer(815301076,1909f56bfc062723c751e8b465ee728b)  -> (artifact id: 'd5e4d4c277c782256c01967f38f5bbc3') in 0.155571 seconds 
========================================================================
Received Import Request.
  Time since last request: 0.000021 seconds.
  path: Assets/5 - Platformer/Skyboxes/Materials/FS002/FS002_Day_Sunless.png
  artifactKey: Guid(e2c576b6d07638b468b5ba303a3a07cb) Importer(815301076,1909f56bfc062723c751e8b465ee728b)
Start importing Assets/5 - Platformer/Skyboxes/Materials/FS002/FS002_Day_Sunless.png using Guid(e2c576b6d07638b468b5ba303a3a07cb) Importer(815301076,1909f56bfc062723c751e8b465ee728b)  -> (artifact id: 'e11f44af65801950f6a856839a6fc712') in 0.028104 seconds 
========================================================================
Received Import Request.
  Time since last request: 0.000025 seconds.
  path: Assets/5 - Platformer/Skyboxes/Materials/FS002/FS002_Day_Sunless.mat
  artifactKey: Guid(67950864b84c5db4f9eee7ca51c85571) Importer(815301076,1909f56bfc062723c751e8b465ee728b)
Start importing Assets/5 - Platformer/Skyboxes/Materials/FS002/FS002_Day_Sunless.mat using Guid(67950864b84c5db4f9eee7ca51c85571) Importer(815301076,1909f56bfc062723c751e8b465ee728b)  -> (artifact id: 'ebc4c65b01f3f9141460655fbe01dd16') in 0.030383 seconds 
========================================================================
Received Import Request.
  Time since last request: 0.000015 seconds.
  path: Assets/5 - Platformer/Skyboxes/Materials/FS002/FS002_Sunset.png
  artifactKey: Guid(88c4ef1770f6491408e50fd96829b1b6) Importer(815301076,1909f56bfc062723c751e8b465ee728b)
Start importing Assets/5 - Platformer/Skyboxes/Materials/FS002/FS002_Sunset.png using Guid(88c4ef1770f6491408e50fd96829b1b6) Importer(815301076,1909f56bfc062723c751e8b465ee728b)  -> (artifact id: 'b6ce9a55f6b1b5a53032ee3e4e18a760') in 0.029233 seconds 
========================================================================
Received Import Request.
  Time since last request: 0.000015 seconds.
  path: Assets/5 - Platformer/Skyboxes/Materials/FS002/FS002_Sunset.mat
  artifactKey: Guid(44d0573bf6d91e447b62f3aff840f2ae) Importer(815301076,1909f56bfc062723c751e8b465ee728b)
Start importing Assets/5 - Platformer/Skyboxes/Materials/FS002/FS002_Sunset.mat using Guid(44d0573bf6d91e447b62f3aff840f2ae) Importer(815301076,1909f56bfc062723c751e8b465ee728b)  -> (artifact id: '9875036630d7a868736fa1c2453190c7') in 0.032193 seconds 
========================================================================
Received Import Request.
  Time since last request: 0.000026 seconds.
  path: Assets/5 - Platformer/Skyboxes/Materials/FS002/FS002_Night_Moonless.png
  artifactKey: Guid(13ec4f589b2340646969832fc2e68ec6) Importer(815301076,1909f56bfc062723c751e8b465ee728b)
Start importing Assets/5 - Platformer/Skyboxes/Materials/FS002/FS002_Night_Moonless.png using Guid(13ec4f589b2340646969832fc2e68ec6) Importer(815301076,1909f56bfc062723c751e8b465ee728b)  -> (artifact id: 'abca2a6158e74adec9dabe2863d05262') in 0.032995 seconds 
========================================================================
Received Import Request.
  Time since last request: 0.000038 seconds.
  path: Assets/5 - Platformer/Skyboxes/Materials/FS002/FS002_Night.mat
  artifactKey: Guid(d1fdb8e44b28da34d9e922cca0bc740e) Importer(815301076,1909f56bfc062723c751e8b465ee728b)
Start importing Assets/5 - Platformer/Skyboxes/Materials/FS002/FS002_Night.mat using Guid(d1fdb8e44b28da34d9e922cca0bc740e) Importer(815301076,1909f56bfc062723c751e8b465ee728b)  -> (artifact id: '96273e9c8d288e673528d1f545d940ae') in 0.031544 seconds 
========================================================================
Received Import Request.
  Time since last request: 0.000048 seconds.
  path: Assets/5 - Platformer/Skyboxes/Materials/FS002/FS002_Snowy.png
  artifactKey: Guid(0ffe8585761fae642bd4d7d85819a5f5) Importer(815301076,1909f56bfc062723c751e8b465ee728b)
Start importing Assets/5 - Platformer/Skyboxes/Materials/FS002/FS002_Snowy.png using Guid(0ffe8585761fae642bd4d7d85819a5f5) Importer(815301076,1909f56bfc062723c751e8b465ee728b)  -> (artifact id: '11b4672135a1c88d792c8e1cd4f121ae') in 0.031474 seconds 
========================================================================
Received Import Request.
  Time since last request: 0.000037 seconds.
  path: Assets/5 - Platformer/Skyboxes/Materials/FS002/FS002_Sunrise.png
  artifactKey: Guid(7deb3454b299fae498f2365d40aee326) Importer(815301076,1909f56bfc062723c751e8b465ee728b)
Start importing Assets/5 - Platformer/Skyboxes/Materials/FS002/FS002_Sunrise.png using Guid(7deb3454b299fae498f2365d40aee326) Importer(815301076,1909f56bfc062723c751e8b465ee728b)  -> (artifact id: '1e6581d8eef9cd0c83ecd76394d9fd2d') in 0.026684 seconds 
========================================================================
Received Import Request.
  Time since last request: 0.000046 seconds.
  path: Assets/5 - Platformer/Skyboxes/Materials/FS002/FS002_Rainy.mat
  artifactKey: Guid(b5a27fa4b11bfb24cbc6daff3802c229) Importer(815301076,1909f56bfc062723c751e8b465ee728b)
Start importing Assets/5 - Platformer/Skyboxes/Materials/FS002/FS002_Rainy.mat using Guid(b5a27fa4b11bfb24cbc6daff3802c229) Importer(815301076,1909f56bfc062723c751e8b465ee728b)  -> (artifact id: '73ce217152d05eafd67c8209c2ebec6b') in 0.031324 seconds 
========================================================================
Received Import Request.
  Time since last request: 0.000038 seconds.
  path: Assets/5 - Platformer/Skyboxes/Materials/FS002/FS002_Day.png
  artifactKey: Guid(90bac99dc822bf641b140cdc291b845e) Importer(815301076,1909f56bfc062723c751e8b465ee728b)
Start importing Assets/5 - Platformer/Skyboxes/Materials/FS002/FS002_Day.png using Guid(90bac99dc822bf641b140cdc291b845e) Importer(815301076,1909f56bfc062723c751e8b465ee728b)  -> (artifact id: 'c5f9b857949e72485bb834d5d2405fb3') in 0.025095 seconds 
========================================================================
Received Import Request.
  Time since last request: 0.000018 seconds.
  path: Assets/5 - Platformer/Skyboxes/Materials/FS002/FS002_Sunrise.mat
  artifactKey: Guid(7c86d4abbd33b564b9e773aceadb8572) Importer(815301076,1909f56bfc062723c751e8b465ee728b)
Start importing Assets/5 - Platformer/Skyboxes/Materials/FS002/FS002_Sunrise.mat using Guid(7c86d4abbd33b564b9e773aceadb8572) Importer(815301076,1909f56bfc062723c751e8b465ee728b)  -> (artifact id: '75a80fe3a76c821ca8f749ebec30d872') in 0.035351 seconds 
========================================================================
Received Import Request.
  Time since last request: 0.000020 seconds.
  path: Assets/5 - Platformer/Skyboxes/Materials/FS002/FS002_Night.png
  artifactKey: Guid(3cf4d52b14bd4254d9f4fd063f8d9bfd) Importer(815301076,1909f56bfc062723c751e8b465ee728b)
Start importing Assets/5 - Platformer/Skyboxes/Materials/FS002/FS002_Night.png using Guid(3cf4d52b14bd4254d9f4fd063f8d9bfd) Importer(815301076,1909f56bfc062723c751e8b465ee728b)  -> (artifact id: '541b9927b052531385effdc444d2206f') in 0.023124 seconds 
========================================================================
Received Import Request.
  Time since last request: 0.000023 seconds.
  path: Assets/5 - Platformer/Skyboxes/Materials/FS002/FS002_Night_Moonless.mat
  artifactKey: Guid(1cc6e6796f833a94f94e6d794ca654c3) Importer(815301076,1909f56bfc062723c751e8b465ee728b)
Start importing Assets/5 - Platformer/Skyboxes/Materials/FS002/FS002_Night_Moonless.mat using Guid(1cc6e6796f833a94f94e6d794ca654c3) Importer(815301076,1909f56bfc062723c751e8b465ee728b)  -> (artifact id: '73f6d88f269ae99e6efed3245256e3c6') in 0.034452 seconds 
========================================================================
Received Import Request.
  Time since last request: 0.000071 seconds.
  path: Assets/5 - Platformer/Skyboxes/Materials/FS002/FS002_Rainy.png
  artifactKey: Guid(9183c8173b34a5741a60673a672347cb) Importer(815301076,1909f56bfc062723c751e8b465ee728b)
Start importing Assets/5 - Platformer/Skyboxes/Materials/FS002/FS002_Rainy.png using Guid(9183c8173b34a5741a60673a672347cb) Importer(815301076,1909f56bfc062723c751e8b465ee728b)  -> (artifact id: '2aec558d62984a08f0d42477260e1a50') in 0.028210 seconds 
========================================================================
Received Import Request.
  Time since last request: 0.000020 seconds.
  path: Assets/5 - Platformer/Skyboxes/Materials/FS002/FS002_Snowy.mat
  artifactKey: Guid(7b0f2096b49ccfb4f8b47c8084d650fa) Importer(815301076,1909f56bfc062723c751e8b465ee728b)
Start importing Assets/5 - Platformer/Skyboxes/Materials/FS002/FS002_Snowy.mat using Guid(7b0f2096b49ccfb4f8b47c8084d650fa) Importer(815301076,1909f56bfc062723c751e8b465ee728b)  -> (artifact id: '84b2e25b640d0beb2f8280794eb2954d') in 0.026598 seconds 
========================================================================
Received Import Request.
  Time since last request: 5.032224 seconds.
  path: Assets/5 - Platformer/Materials/FinalPlatform.mat
  artifactKey: Guid(5f00b44167803f7468702d7f99a7ddae) Importer(815301076,1909f56bfc062723c751e8b465ee728b)
Start importing Assets/5 - Platformer/Materials/FinalPlatform.mat using Guid(5f00b44167803f7468702d7f99a7ddae) Importer(815301076,1909f56bfc062723c751e8b465ee728b)  -> (artifact id: '65654192ac6795c0a961077d19d84529') in 0.279944 seconds 
========================================================================
Received Import Request.
  Time since last request: 0.000019 seconds.
  path: Assets/5 - Platformer/Materials/Ground2.mat
  artifactKey: Guid(bfdddcf5fd1383c4ab24315c2a11186c) Importer(815301076,1909f56bfc062723c751e8b465ee728b)
Start importing Assets/5 - Platformer/Materials/Ground2.mat using Guid(bfdddcf5fd1383c4ab24315c2a11186c) Importer(815301076,1909f56bfc062723c751e8b465ee728b)  -> (artifact id: '676e518b93a9983da84a2001d0287bb3') in 0.029886 seconds 
========================================================================
Received Import Request.
  Time since last request: 0.000027 seconds.
  path: Assets/5 - Platformer/Materials/MetallicPlatform.mat
  artifactKey: Guid(2b45519af34ce6d4c921ce8c2765de68) Importer(815301076,1909f56bfc062723c751e8b465ee728b)
Start importing Assets/5 - Platformer/Materials/MetallicPlatform.mat using Guid(2b45519af34ce6d4c921ce8c2765de68) Importer(815301076,1909f56bfc062723c751e8b465ee728b)  -> (artifact id: '28fa34456a3f3529da09551f72f7acc1') in 0.025433 seconds 
========================================================================
Received Import Request.
  Time since last request: 0.000019 seconds.
  path: Assets/5 - Platformer/Materials/Mat_Player.mat
  artifactKey: Guid(34224cd8d3579e34181b2f014f31188f) Importer(815301076,1909f56bfc062723c751e8b465ee728b)
Start importing Assets/5 - Platformer/Materials/Mat_Player.mat using Guid(34224cd8d3579e34181b2f014f31188f) Importer(815301076,1909f56bfc062723c751e8b465ee728b)  -> (artifact id: 'd84bae74f894afc2839b1b119f88d986') in 0.029657 seconds 
========================================================================
Received Import Request.
  Time since last request: 0.000017 seconds.
  path: Assets/5 - Platformer/Materials/Obstacle.mat
  artifactKey: Guid(a451836426d920a439b1d1f04fd66dc8) Importer(815301076,1909f56bfc062723c751e8b465ee728b)
Start importing Assets/5 - Platformer/Materials/Obstacle.mat using Guid(a451836426d920a439b1d1f04fd66dc8) Importer(815301076,1909f56bfc062723c751e8b465ee728b)  -> (artifact id: '7fc57fdb4b4370cca2ba356838307551') in 0.028326 seconds 
========================================================================
Received Import Request.
  Time since last request: 0.000015 seconds.
  path: Assets/5 - Platformer/Materials/PlayerEyes.mat
  artifactKey: Guid(d462a26492ae0d0428c7bfdb3658a153) Importer(815301076,1909f56bfc062723c751e8b465ee728b)
Start importing Assets/5 - Platformer/Materials/PlayerEyes.mat using Guid(d462a26492ae0d0428c7bfdb3658a153) Importer(815301076,1909f56bfc062723c751e8b465ee728b)  -> (artifact id: '7e0aed806622f06917fa200277bc2db4') in 0.027710 seconds 
========================================================================
Received Import Request.
  Time since last request: 0.000036 seconds.
  path: Assets/5 - Platformer/Materials/PlayerBody.mat
  artifactKey: Guid(789e75708d99e8e42bbcb8ff5767bcdd) Importer(815301076,1909f56bfc062723c751e8b465ee728b)
Start importing Assets/5 - Platformer/Materials/PlayerBody.mat using Guid(789e75708d99e8e42bbcb8ff5767bcdd) Importer(815301076,1909f56bfc062723c751e8b465ee728b)  -> (artifact id: 'eef1d51a86264cdf438abfe33d18eb65') in 0.031738 seconds 
========================================================================
Received Import Request.
  Time since last request: 0.000028 seconds.
  path: Assets/5 - Platformer/Materials/Seesaws.mat
  artifactKey: Guid(134ae0f775218f546a5729a3ad61c768) Importer(815301076,1909f56bfc062723c751e8b465ee728b)
Start importing Assets/5 - Platformer/Materials/Seesaws.mat using Guid(134ae0f775218f546a5729a3ad61c768) Importer(815301076,1909f56bfc062723c751e8b465ee728b)  -> (artifact id: '1b48bfacec0f752d988a4e89c3cc08a9') in 0.029883 seconds 
========================================================================
Received Import Request.
  Time since last request: 0.000015 seconds.
  path: Assets/5 - Platformer/Materials/Ground.mat
  artifactKey: Guid(bddbe5a8c7ddbe24c9aa61dbd4cb768f) Importer(815301076,1909f56bfc062723c751e8b465ee728b)
Start importing Assets/5 - Platformer/Materials/Ground.mat using Guid(bddbe5a8c7ddbe24c9aa61dbd4cb768f) Importer(815301076,1909f56bfc062723c751e8b465ee728b)  -> (artifact id: 'ed65b7d1b4ce7aaf86cfca6570bf30c7') in 0.033931 seconds 
========================================================================
Received Import Request.
  Time since last request: 0.000025 seconds.
  path: Assets/5 - Platformer/Materials/Rotating Obstacle.mat
  artifactKey: Guid(828cfb7bea7ce2f4daf758d9d1c940a8) Importer(815301076,1909f56bfc062723c751e8b465ee728b)
Start importing Assets/5 - Platformer/Materials/Rotating Obstacle.mat using Guid(828cfb7bea7ce2f4daf758d9d1c940a8) Importer(815301076,1909f56bfc062723c751e8b465ee728b)  -> (artifact id: '34fed9e34d3bdfac9e8f61cdea763152') in 0.035327 seconds 
========================================================================
Received Import Request.
  Time since last request: 7.367665 seconds.
  path: Assets/5 - Platformer/Prefabs/FinishPlatform.prefab
  artifactKey: Guid(c947f42df20f9ad4fb38c880dc318be4) Importer(815301076,1909f56bfc062723c751e8b465ee728b)
Start importing Assets/5 - Platformer/Prefabs/FinishPlatform.prefab using Guid(c947f42df20f9ad4fb38c880dc318be4) Importer(815301076,1909f56bfc062723c751e8b465ee728b)  -> (artifact id: 'c50fc36b221d4338a956920c1578b1ee') in 0.182189 seconds 
========================================================================
Received Import Request.
  Time since last request: 0.000019 seconds.
  path: Assets/5 - Platformer/Prefabs/Seesaw.prefab
  artifactKey: Guid(7502b1234d902f24f81df29c4fad225e) Importer(815301076,1909f56bfc062723c751e8b465ee728b)
Start importing Assets/5 - Platformer/Prefabs/Seesaw.prefab using Guid(7502b1234d902f24f81df29c4fad225e) Importer(815301076,1909f56bfc062723c751e8b465ee728b)  -> (artifact id: '7f70092032bfb23ef89135f3cfbd4d0c') in 0.033649 seconds 
========================================================================
Received Import Request.
  Time since last request: 0.000043 seconds.
  path: Assets/5 - Platformer/Prefabs/TPPlayer.prefab
  artifactKey: Guid(9a550f031f55d2d409e37511e191e393) Importer(815301076,1909f56bfc062723c751e8b465ee728b)
Start importing Assets/5 - Platformer/Prefabs/TPPlayer.prefab using Guid(9a550f031f55d2d409e37511e191e393) Importer(815301076,1909f56bfc062723c751e8b465ee728b)  -> (artifact id: 'c6ef528daa1115f3af9b130a4bf30df3') in 0.031119 seconds 
========================================================================
Received Import Request.
  Time since last request: 0.000021 seconds.
  path: Assets/5 - Platformer/Prefabs/Player.prefab
  artifactKey: Guid(559ebb04a86af184293292d939c40b51) Importer(815301076,1909f56bfc062723c751e8b465ee728b)
Start importing Assets/5 - Platformer/Prefabs/Player.prefab using Guid(559ebb04a86af184293292d939c40b51) Importer(815301076,1909f56bfc062723c751e8b465ee728b)  -> (artifact id: '7b54e21bb63728548fed4528dda67b8a') in 0.038892 seconds 
========================================================================
Received Import Request.
  Time since last request: 0.000033 seconds.
  path: Assets/5 - Platformer/Prefabs/Spinner.prefab
  artifactKey: Guid(50a440e968e5c4848875b7516a7a35a7) Importer(815301076,1909f56bfc062723c751e8b465ee728b)
Start importing Assets/5 - Platformer/Prefabs/Spinner.prefab using Guid(50a440e968e5c4848875b7516a7a35a7) Importer(815301076,1909f56bfc062723c751e8b465ee728b)  -> (artifact id: '871d150f18029b5b37195a05f08ea4bb') in 0.029973 seconds 
========================================================================
Received Import Request.
  Time since last request: 472.267113 seconds.
  path: Assets/4 - Split-Screen/Prefabs/AllCollectablesHere.prefab
  artifactKey: Guid(a278ce28ce296d94285a06eddd695487) Importer(815301076,1909f56bfc062723c751e8b465ee728b)
Start importing Assets/4 - Split-Screen/Prefabs/AllCollectablesHere.prefab using Guid(a278ce28ce296d94285a06eddd695487) Importer(815301076,1909f56bfc062723c751e8b465ee728b)  -> (artifact id: 'd58b25e0576a9c1e22b14e5a41785070') in 0.062506 seconds 
========================================================================
Received Import Request.
  Time since last request: 0.000073 seconds.
  path: Assets/4 - Split-Screen/Prefabs/Powerup.prefab
  artifactKey: Guid(bca14d752ca975e4f9f7d1742c78570c) Importer(815301076,1909f56bfc062723c751e8b465ee728b)
Start importing Assets/4 - Split-Screen/Prefabs/Powerup.prefab using Guid(bca14d752ca975e4f9f7d1742c78570c) Importer(815301076,1909f56bfc062723c751e8b465ee728b)  -> (artifact id: 'c73e507b46ea3658fa7204ba7f7256a3') in 0.032007 seconds 
========================================================================
Received Import Request.
  Time since last request: 0.000027 seconds.
  path: Assets/4 - Split-Screen/Prefabs/Collect P2.prefab
  artifactKey: Guid(4250c3d1e2c364243a66dc691f9558f6) Importer(815301076,1909f56bfc062723c751e8b465ee728b)
Start importing Assets/4 - Split-Screen/Prefabs/Collect P2.prefab using Guid(4250c3d1e2c364243a66dc691f9558f6) Importer(815301076,1909f56bfc062723c751e8b465ee728b)  -> (artifact id: '42b2d71aaadfbe6921b4fd5d817cd26d') in 0.059492 seconds 
========================================================================
Received Import Request.
  Time since last request: 0.000020 seconds.
  path: Assets/4 - Split-Screen/Prefabs/Coin.prefab
  artifactKey: Guid(f8a1c5af75938af46812a8bba06e764d) Importer(815301076,1909f56bfc062723c751e8b465ee728b)
Start importing Assets/4 - Split-Screen/Prefabs/Coin.prefab using Guid(f8a1c5af75938af46812a8bba06e764d) Importer(815301076,1909f56bfc062723c751e8b465ee728b)  -> (artifact id: 'b22ecaf075853871d6ba5c82839523a3') in 0.025509 seconds 
========================================================================
Received Import Request.
  Time since last request: 0.000021 seconds.
  path: Assets/4 - Split-Screen/Prefabs/Collect P1.prefab
  artifactKey: Guid(5b170e3fc23f4cf4d8e2a7aae7aa1b17) Importer(815301076,1909f56bfc062723c751e8b465ee728b)
Start importing Assets/4 - Split-Screen/Prefabs/Collect P1.prefab using Guid(5b170e3fc23f4cf4d8e2a7aae7aa1b17) Importer(815301076,1909f56bfc062723c751e8b465ee728b)  -> (artifact id: 'f60c991e7eeb83738c7f0ca48d0b03ea') in 0.050577 seconds 
========================================================================
Received Import Request.
  Time since last request: 0.000016 seconds.
  path: Assets/4 - Split-Screen/Prefabs/Goal.prefab
  artifactKey: Guid(de35e723b712a724eba0bbe5c4165ccc) Importer(815301076,1909f56bfc062723c751e8b465ee728b)
Start importing Assets/4 - Split-Screen/Prefabs/Goal.prefab using Guid(de35e723b712a724eba0bbe5c4165ccc) Importer(815301076,1909f56bfc062723c751e8b465ee728b)  -> (artifact id: '2d390509c0f6d9d4752211f13715b025') in 0.029691 seconds 
========================================================================
Received Import Request.
  Time since last request: 0.000043 seconds.
  path: Assets/4 - Split-Screen/Prefabs/Arena P1.prefab
  artifactKey: Guid(e13f86a9f3aaf71428d79ac3bfb86511) Importer(815301076,1909f56bfc062723c751e8b465ee728b)
Start importing Assets/4 - Split-Screen/Prefabs/Arena P1.prefab using Guid(e13f86a9f3aaf71428d79ac3bfb86511) Importer(815301076,1909f56bfc062723c751e8b465ee728b)  -> (artifact id: '657169f2dbfa8affa0641b15892cf80a') in 0.047859 seconds 
========================================================================
Received Import Request.
  Time since last request: 0.000020 seconds.
  path: Assets/4 - Split-Screen/Prefabs/BiggerGoal.prefab
  artifactKey: Guid(320b315a3ccfdb144a56277948cdd566) Importer(815301076,1909f56bfc062723c751e8b465ee728b)
Start importing Assets/4 - Split-Screen/Prefabs/BiggerGoal.prefab using Guid(320b315a3ccfdb144a56277948cdd566) Importer(815301076,1909f56bfc062723c751e8b465ee728b)  -> (artifact id: '18f60e7d895b8f03295141f85925dd22') in 0.025852 seconds 
========================================================================
Received Import Request.
  Time since last request: 0.000032 seconds.
  path: Assets/4 - Split-Screen/Prefabs/Arena P2.prefab
  artifactKey: Guid(3a3e4bf19a498c14f8757b5eee08699e) Importer(815301076,1909f56bfc062723c751e8b465ee728b)
Start importing Assets/4 - Split-Screen/Prefabs/Arena P2.prefab using Guid(3a3e4bf19a498c14f8757b5eee08699e) Importer(815301076,1909f56bfc062723c751e8b465ee728b)  -> (artifact id: 'c9e949f938a88ca86e551f832629ddd6') in 0.049800 seconds 
========================================================================
Received Import Request.
  Time since last request: 0.000016 seconds.
  path: Assets/4 - Split-Screen/Prefabs/Ball.prefab
  artifactKey: Guid(a6f76d4cf0465784ab214508cb7ed519) Importer(815301076,1909f56bfc062723c751e8b465ee728b)
Start importing Assets/4 - Split-Screen/Prefabs/Ball.prefab using Guid(a6f76d4cf0465784ab214508cb7ed519) Importer(815301076,1909f56bfc062723c751e8b465ee728b)  -> (artifact id: 'eb3d791987738040989e2dae468cb4f0') in 0.025913 seconds 
========================================================================
Received Import Request.
  Time since last request: 0.398774 seconds.
  path: Assets/4 - Split-Screen/Materials/Ball.physicMaterial
  artifactKey: Guid(5ee6310ed5bdc60489977b7d8b5a111f) Importer(815301076,1909f56bfc062723c751e8b465ee728b)
Start importing Assets/4 - Split-Screen/Materials/Ball.physicMaterial using Guid(5ee6310ed5bdc60489977b7d8b5a111f) Importer(815301076,1909f56bfc062723c751e8b465ee728b)  -> (artifact id: '7a6b2470e3ec7150163b5315aac865b3') in 0.005646 seconds 
========================================================================
Received Import Request.
  Time since last request: 0.000018 seconds.
  path: Assets/4 - Split-Screen/Materials/ground_material.mat
  artifactKey: Guid(a7c37b17e7892d54eb0af1bda06bbc09) Importer(815301076,1909f56bfc062723c751e8b465ee728b)
Start importing Assets/4 - Split-Screen/Materials/ground_material.mat using Guid(a7c37b17e7892d54eb0af1bda06bbc09) Importer(815301076,1909f56bfc062723c751e8b465ee728b)  -> (artifact id: '3dec3129b724a3066d2900499f53d07e') in 0.028425 seconds 
========================================================================
Received Import Request.
  Time since last request: 0.000016 seconds.
  path: Assets/4 - Split-Screen/Materials/Goal.mat
  artifactKey: Guid(9fbfb0c8a044e234a9675f8cf43da920) Importer(815301076,1909f56bfc062723c751e8b465ee728b)
Start importing Assets/4 - Split-Screen/Materials/Goal.mat using Guid(9fbfb0c8a044e234a9675f8cf43da920) Importer(815301076,1909f56bfc062723c751e8b465ee728b)  -> (artifact id: '30b7b249a494f6f8d75062af281e6276') in 0.031398 seconds 
========================================================================
Received Import Request.
  Time since last request: 0.000015 seconds.
  path: Assets/4 - Split-Screen/Materials/BallColor.mat
  artifactKey: Guid(320db42474a98f7488ee1b15df7a89ae) Importer(815301076,1909f56bfc062723c751e8b465ee728b)
Start importing Assets/4 - Split-Screen/Materials/BallColor.mat using Guid(320db42474a98f7488ee1b15df7a89ae) Importer(815301076,1909f56bfc062723c751e8b465ee728b)  -> (artifact id: 'eb6546f4009488d2552105aa91372aa6') in 0.031326 seconds 
========================================================================
Received Import Request.
  Time since last request: 0.000021 seconds.
  path: Assets/4 - Split-Screen/Materials/Powerup.mat
  artifactKey: Guid(cd93c2e643feb934caf4d2c6c7edf92f) Importer(815301076,1909f56bfc062723c751e8b465ee728b)
Start importing Assets/4 - Split-Screen/Materials/Powerup.mat using Guid(cd93c2e643feb934caf4d2c6c7edf92f) Importer(815301076,1909f56bfc062723c751e8b465ee728b)  -> (artifact id: '3594f9f9528d7075f59210baaca89f08') in 0.023599 seconds 
========================================================================
Received Import Request.
  Time since last request: 0.000016 seconds.
  path: Assets/4 - Split-Screen/Materials/Player2.mat
  artifactKey: Guid(a2850145e615480489c7f8f254c08028) Importer(815301076,1909f56bfc062723c751e8b465ee728b)
Start importing Assets/4 - Split-Screen/Materials/Player2.mat using Guid(a2850145e615480489c7f8f254c08028) Importer(815301076,1909f56bfc062723c751e8b465ee728b)  -> (artifact id: '403942410608584333f98907ff20db16') in 0.027805 seconds 
========================================================================
Received Import Request.
  Time since last request: 0.000025 seconds.
  path: Assets/4 - Split-Screen/Materials/Coin.mat
  artifactKey: Guid(8e33381207eca3d489b7d4a707d90f4c) Importer(815301076,1909f56bfc062723c751e8b465ee728b)
Start importing Assets/4 - Split-Screen/Materials/Coin.mat using Guid(8e33381207eca3d489b7d4a707d90f4c) Importer(815301076,1909f56bfc062723c751e8b465ee728b)  -> (artifact id: '8f6d99a40b5cc2e45ac65ac1eb47ae26') in 0.020084 seconds 
========================================================================
Received Import Request.
  Time since last request: 0.000034 seconds.
  path: Assets/4 - Split-Screen/Materials/box_material.mat
  artifactKey: Guid(3912eef4cc546074a881800c76fdd990) Importer(815301076,1909f56bfc062723c751e8b465ee728b)
Start importing Assets/4 - Split-Screen/Materials/box_material.mat using Guid(3912eef4cc546074a881800c76fdd990) Importer(815301076,1909f56bfc062723c751e8b465ee728b)  -> (artifact id: '081da5221007d8b6e353dd3ec0f3fb95') in 0.027060 seconds 
========================================================================
Received Import Request.
  Time since last request: 3.286822 seconds.
  path: Assets/4 - Split-Screen/Effects
  artifactKey: Guid(e00e63ab40f634d4a856d88b01d5034e) Importer(815301076,1909f56bfc062723c751e8b465ee728b)
Start importing Assets/4 - Split-Screen/Effects using Guid(e00e63ab40f634d4a856d88b01d5034e) Importer(815301076,1909f56bfc062723c751e8b465ee728b)  -> (artifact id: 'ba7115b7f1f02575cb28d2c9003247b2') in 0.011361 seconds 
========================================================================
Received Import Request.
  Time since last request: 0.058350 seconds.
  path: Assets/4 - Split-Screen/Effects/Explosion.prefab
  artifactKey: Guid(f8931b5e3a51d1e47a2d43e3271361d0) Importer(815301076,1909f56bfc062723c751e8b465ee728b)
Start importing Assets/4 - Split-Screen/Effects/Explosion.prefab using Guid(f8931b5e3a51d1e47a2d43e3271361d0) Importer(815301076,1909f56bfc062723c751e8b465ee728b)  -> (artifact id: 'b019bf0144f191b7c25a4d86e26922d3') in 0.060746 seconds 
========================================================================
Received Import Request.
  Time since last request: 0.000024 seconds.
  path: Assets/4 - Split-Screen/Effects/Fingerprint UI.prefab
  artifactKey: Guid(76e4c1df55ebd09409bc9e6ba96a13dd) Importer(815301076,1909f56bfc062723c751e8b465ee728b)
Start importing Assets/4 - Split-Screen/Effects/Fingerprint UI.prefab using Guid(76e4c1df55ebd09409bc9e6ba96a13dd) Importer(815301076,1909f56bfc062723c751e8b465ee728b)  -> (artifact id: 'd896175512bd522fe881c6026ac11c52') in 0.022957 seconds 
========================================================================
Received Import Request.
  Time since last request: 0.000084 seconds.
  path: Assets/4 - Split-Screen/Effects/Lightning Ball.prefab
  artifactKey: Guid(ed789383389a52e45a226905eb73f5b1) Importer(815301076,1909f56bfc062723c751e8b465ee728b)
Start importing Assets/4 - Split-Screen/Effects/Lightning Ball.prefab using Guid(ed789383389a52e45a226905eb73f5b1) Importer(815301076,1909f56bfc062723c751e8b465ee728b)  -> (artifact id: '73579ccb9426d8942be8bee4812b0866') in 0.027077 seconds 
========================================================================
Received Import Request.
  Time since last request: 0.000029 seconds.
  path: Assets/4 - Split-Screen/Effects/Sparkler.prefab
  artifactKey: Guid(bf47e120fafb09243a8aadb768e362d6) Importer(815301076,1909f56bfc062723c751e8b465ee728b)
Start importing Assets/4 - Split-Screen/Effects/Sparkler.prefab using Guid(bf47e120fafb09243a8aadb768e362d6) Importer(815301076,1909f56bfc062723c751e8b465ee728b)  -> (artifact id: 'e29a02f1c1a441c8076297aa8c167f3e') in 0.027236 seconds 
========================================================================
Received Import Request.
  Time since last request: 0.000018 seconds.
  path: Assets/4 - Split-Screen/Effects/Stylized Flash.prefab
  artifactKey: Guid(a0e433efe5d47f843ab7de45eb14e4a8) Importer(815301076,1909f56bfc062723c751e8b465ee728b)
Start importing Assets/4 - Split-Screen/Effects/Stylized Flash.prefab using Guid(a0e433efe5d47f843ab7de45eb14e4a8) Importer(815301076,1909f56bfc062723c751e8b465ee728b)  -> (artifact id: '6337e1405886969030148f0646a1aa6b') in 0.029053 seconds 
========================================================================
Received Import Request.
  Time since last request: 0.000022 seconds.
  path: Assets/4 - Split-Screen/Effects/Logo.prefab
  artifactKey: Guid(66e49f3897f147b4d80b34a9668e74ab) Importer(815301076,1909f56bfc062723c751e8b465ee728b)
Start importing Assets/4 - Split-Screen/Effects/Logo.prefab using Guid(66e49f3897f147b4d80b34a9668e74ab) Importer(815301076,1909f56bfc062723c751e8b465ee728b)  -> (artifact id: 'c6241d944ef070a06dfaede55052aa0a') in 0.020687 seconds 
========================================================================
Received Import Request.
  Time since last request: 0.000024 seconds.
  path: Assets/4 - Split-Screen/Effects/Magic Circle.prefab
  artifactKey: Guid(a6ba065c39d5b644893e6ce35ab8ebfe) Importer(815301076,1909f56bfc062723c751e8b465ee728b)
Start importing Assets/4 - Split-Screen/Effects/Magic Circle.prefab using Guid(a6ba065c39d5b644893e6ce35ab8ebfe) Importer(815301076,1909f56bfc062723c751e8b465ee728b)  -> (artifact id: 'f3cedee51e1ea0e5d9e4f4d45dc4bd0f') in 0.031581 seconds 
========================================================================
Received Import Request.
  Time since last request: 0.000016 seconds.
  path: Assets/4 - Split-Screen/Effects/Green Hole.prefab
  artifactKey: Guid(df3e9dc0946b9cc45a5798cadb875771) Importer(815301076,1909f56bfc062723c751e8b465ee728b)
Start importing Assets/4 - Split-Screen/Effects/Green Hole.prefab using Guid(df3e9dc0946b9cc45a5798cadb875771) Importer(815301076,1909f56bfc062723c751e8b465ee728b)  -> (artifact id: '554a65d1d32e21557601b6f036f8f53f') in 0.024560 seconds 
========================================================================
Received Import Request.
  Time since last request: 0.000020 seconds.
  path: Assets/4 - Split-Screen/Effects/Firework.prefab
  artifactKey: Guid(1e879e8c6bee0794cbfce705e490a87a) Importer(815301076,1909f56bfc062723c751e8b465ee728b)
Start importing Assets/4 - Split-Screen/Effects/Firework.prefab using Guid(1e879e8c6bee0794cbfce705e490a87a) Importer(815301076,1909f56bfc062723c751e8b465ee728b)  -> (artifact id: 'a53c6ad0706732c1d4915cfd0cbbcd1f') in 0.025095 seconds 
========================================================================
Received Import Request.
  Time since last request: 29.176104 seconds.
  path: Assets/4 - Split-Screen/Materials
  artifactKey: Guid(9d50496c4b6a13644846b9cb44e03008) Importer(815301076,1909f56bfc062723c751e8b465ee728b)
Start importing Assets/4 - Split-Screen/Materials using Guid(9d50496c4b6a13644846b9cb44e03008) Importer(815301076,1909f56bfc062723c751e8b465ee728b)  -> (artifact id: '22370b1df18562e383d893352d5b3d83') in 0.004514 seconds 
========================================================================
Received Import Request.
  Time since last request: 34.434612 seconds.
  path: Assets/4 - Split-Screen/Scenes/GameScene.unity
  artifactKey: Guid(4ec1588a6dd7ea24893a11175ac3d4ed) Importer(815301076,1909f56bfc062723c751e8b465ee728b)
Start importing Assets/4 - Split-Screen/Scenes/GameScene.unity using Guid(4ec1588a6dd7ea24893a11175ac3d4ed) Importer(815301076,1909f56bfc062723c751e8b465ee728b)  -> (artifact id: '7fbafb9a1da0c33c7c6cd57264a23b2c') in 0.009452 seconds 
========================================================================
Received Import Request.
  Time since last request: 52.798513 seconds.
  path: Assets/4 - Split-Screen/Scripts/GoalKeeping.cs
  artifactKey: Guid(686a40103d9cdec49adff1b671cc646a) Importer(815301076,1909f56bfc062723c751e8b465ee728b)
Start importing Assets/4 - Split-Screen/Scripts/GoalKeeping.cs using Guid(686a40103d9cdec49adff1b671cc646a) Importer(815301076,1909f56bfc062723c751e8b465ee728b)  -> (artifact id: '0acb9fd3ff8d6fc592c0a8502c0d6ada') in 0.011533 seconds 
========================================================================
Received Import Request.
  Time since last request: 2.468227 seconds.
  path: Assets/4 - Split-Screen/Scripts/Powerup.cs
  artifactKey: Guid(83a051d861913d04ea6218e90f0dc75d) Importer(815301076,1909f56bfc062723c751e8b465ee728b)
Start importing Assets/4 - Split-Screen/Scripts/Powerup.cs using Guid(83a051d861913d04ea6218e90f0dc75d) Importer(815301076,1909f56bfc062723c751e8b465ee728b)  -> (artifact id: 'fc1f500ebff143b5e1e67fdcdf641623') in 0.007446 seconds 
========================================================================
Received Import Request.
  Time since last request: 0.625494 seconds.
  path: Assets/4 - Split-Screen/Scripts/RigidbodyPlayerController.cs
  artifactKey: Guid(be861e49f327c5f48b056d7b1841059a) Importer(815301076,1909f56bfc062723c751e8b465ee728b)
Start importing Assets/4 - Split-Screen/Scripts/RigidbodyPlayerController.cs using Guid(be861e49f327c5f48b056d7b1841059a) Importer(815301076,1909f56bfc062723c751e8b465ee728b)  -> (artifact id: 'd13fa96050f770127ccb3266dce7cea3') in 0.007962 seconds 
========================================================================
Received Import Request.
  Time since last request: 1.491855 seconds.
  path: Assets/4 - Split-Screen/Scripts/RotateObject.cs
  artifactKey: Guid(e2baf74682f1f54469dadc5eeef8ffcc) Importer(815301076,1909f56bfc062723c751e8b465ee728b)
Start importing Assets/4 - Split-Screen/Scripts/RotateObject.cs using Guid(e2baf74682f1f54469dadc5eeef8ffcc) Importer(815301076,1909f56bfc062723c751e8b465ee728b)  -> (artifact id: '931421d5abb37b50ef23181b7c2da6a8') in 0.008612 seconds 
========================================================================
Received Import Request.
  Time since last request: 0.514883 seconds.
  path: Assets/4 - Split-Screen/Scripts/ScoreKeeper.cs
  artifactKey: Guid(0534d7ccf5c1d0f41bbfa985a993e918) Importer(815301076,1909f56bfc062723c751e8b465ee728b)
Start importing Assets/4 - Split-Screen/Scripts/ScoreKeeper.cs using Guid(0534d7ccf5c1d0f41bbfa985a993e918) Importer(815301076,1909f56bfc062723c751e8b465ee728b)  -> (artifact id: 'e0724ee913e8e390914d38284959e0d3') in 0.010017 seconds 
========================================================================
Received Import Request.
  Time since last request: 2.009786 seconds.
  path: Assets/4 - Split-Screen/Scripts/CollectableTracker.cs
  artifactKey: Guid(947273d65001afc4c90d93ba92aa84c0) Importer(815301076,1909f56bfc062723c751e8b465ee728b)
Start importing Assets/4 - Split-Screen/Scripts/CollectableTracker.cs using Guid(947273d65001afc4c90d93ba92aa84c0) Importer(815301076,1909f56bfc062723c751e8b465ee728b)  -> (artifact id: '2aff0c11cf4517d790c40767a35ef9d8') in 0.010026 seconds 
========================================================================
Received Prepare
Registering precompiled user dll's ...
Registered in 0.004692 seconds.
Begin MonoManager ReloadAssembly
Native extension for WindowsStandalone target not found
Native extension for WebGL target not found
Refreshing native plugins compatible for Editor in 0.86 ms, found 2 plugins.
Preloading 0 native plugins for Editor in 0.00 ms.
Mono: successfully reloaded assembly
- Completed reload, in  1.688 seconds
Domain Reload Profiling:
	ReloadAssembly (1689ms)
		BeginReloadAssembly (168ms)
			ExecutionOrderSort (0ms)
			DisableScriptedObjects (6ms)
			BackupInstance (0ms)
			ReleaseScriptingObjects (0ms)
			CreateAndSetChildDomain (40ms)
		EndReloadAssembly (1405ms)
			LoadAssemblies (115ms)
			RebuildTransferFunctionScriptingTraits (0ms)
			SetupTypeCache (283ms)
			ReleaseScriptCaches (1ms)
			RebuildScriptCaches (60ms)
			SetupLoadedEditorAssemblies (855ms)
				LogAssemblyErrors (0ms)
				InitializePlatformSupportModulesInManaged (34ms)
				SetLoadedEditorAssemblies (1ms)
				RefreshPlugins (1ms)
				BeforeProcessingInitializeOnLoad (123ms)
				ProcessInitializeOnLoadAttributes (597ms)
				ProcessInitializeOnLoadMethodAttributes (77ms)
				AfterProcessingInitializeOnLoad (22ms)
				EditorAssembliesLoaded (0ms)
			ExecutionOrderSort2 (0ms)
			AwakeInstancesAfterBackupRestoration (20ms)
Platform modules already initialized, skipping
Refreshing native plugins compatible for Editor in 3.89 ms, found 2 plugins.
Preloading 0 native plugins for Editor in 0.00 ms.
Unloading 1837 Unused Serialized files (Serialized files now loaded: 0)
Unloading 14 unused Assets / (0.5 MB). Loaded Objects now: 2385.
Memory consumption went from 82.6 MB to 82.0 MB.
Total: 5.213500 ms (FindLiveObjects: 0.342800 ms CreateObjectMapping: 0.377000 ms MarkObjects: 4.169900 ms  DeleteObjects: 0.321900 ms)

AssetImportParameters requested are different than current active one (requested -> active):
  custom:video-decoder-ogg-theora: a1e56fd34408186e4bbccfd4996cb3dc -> 
  custom:container-muxer-webm: aa71ff27fc2769a1b78a27578f13a17b -> 
  custom:container-demuxer-webm: 4f35f7cbe854078d1ac9338744f61a02 -> 
  custom:video-encoder-webm-vp8: eb34c28f22e8b96e1ab97ce403110664 -> 
  custom:audio-encoder-webm-vorbis: bf7c407c2cedff20999df2af8eb42d56 -> 
  custom:framework-win-MediaFoundation: 216162199b28c13a410421893ffa2e32 -> 
  custom:container-demuxer-ogg: 62fdf1f143b41e24485cea50d1cbac27 -> 
  custom:video-decoder-webm-vp8: 9c59270c3fd7afecdb556c50c9e8de78 -> 
  custom:audio-decoder-ogg-vorbis: bf7c407c2cedff20999df2af8eb42d56 -> 
========================================================================
Received Prepare
Registering precompiled user dll's ...
Registered in 0.004758 seconds.
Begin MonoManager ReloadAssembly
Native extension for WindowsStandalone target not found
Native extension for WebGL target not found
Refreshing native plugins compatible for Editor in 0.87 ms, found 2 plugins.
Preloading 0 native plugins for Editor in 0.00 ms.
Mono: successfully reloaded assembly
- Completed reload, in  2.502 seconds
Domain Reload Profiling:
	ReloadAssembly (2503ms)
		BeginReloadAssembly (153ms)
			ExecutionOrderSort (0ms)
			DisableScriptedObjects (8ms)
			BackupInstance (0ms)
			ReleaseScriptingObjects (0ms)
			CreateAndSetChildDomain (32ms)
		EndReloadAssembly (2221ms)
			LoadAssemblies (111ms)
			RebuildTransferFunctionScriptingTraits (0ms)
			SetupTypeCache (413ms)
			ReleaseScriptCaches (2ms)
			RebuildScriptCaches (94ms)
			SetupLoadedEditorAssemblies (1409ms)
				LogAssemblyErrors (0ms)
				InitializePlatformSupportModulesInManaged (55ms)
				SetLoadedEditorAssemblies (1ms)
				RefreshPlugins (1ms)
				BeforeProcessingInitializeOnLoad (124ms)
				ProcessInitializeOnLoadAttributes (1083ms)
				ProcessInitializeOnLoadMethodAttributes (123ms)
				AfterProcessingInitializeOnLoad (22ms)
				EditorAssembliesLoaded (0ms)
			ExecutionOrderSort2 (0ms)
			AwakeInstancesAfterBackupRestoration (31ms)
Platform modules already initialized, skipping
Refreshing native plugins compatible for Editor in 3.99 ms, found 2 plugins.
Preloading 0 native plugins for Editor in 0.00 ms.
Unloading 1837 Unused Serialized files (Serialized files now loaded: 0)
Unloading 12 unused Assets / (24.7 KB). Loaded Objects now: 2388.
Memory consumption went from 82.1 MB to 82.0 MB.
Total: 5.213600 ms (FindLiveObjects: 0.186800 ms CreateObjectMapping: 0.082200 ms MarkObjects: 4.847700 ms  DeleteObjects: 0.095100 ms)

AssetImportParameters requested are different than current active one (requested -> active):
  custom:video-decoder-ogg-theora: a1e56fd34408186e4bbccfd4996cb3dc -> 
  custom:container-muxer-webm: aa71ff27fc2769a1b78a27578f13a17b -> 
  custom:container-demuxer-webm: 4f35f7cbe854078d1ac9338744f61a02 -> 
  custom:video-encoder-webm-vp8: eb34c28f22e8b96e1ab97ce403110664 -> 
  custom:audio-encoder-webm-vorbis: bf7c407c2cedff20999df2af8eb42d56 -> 
  custom:framework-win-MediaFoundation: 216162199b28c13a410421893ffa2e32 -> 
  custom:container-demuxer-ogg: 62fdf1f143b41e24485cea50d1cbac27 -> 
  custom:video-decoder-webm-vp8: 9c59270c3fd7afecdb556c50c9e8de78 -> 
  custom:audio-decoder-ogg-vorbis: bf7c407c2cedff20999df2af8eb42d56 -> 
